2025-06-17 12:22:39,198 [INFO] TensorBoard logs will be saved to: runs/2025-06-17_12-22-39
2025-06-17 12:22:47,204 [INFO] Epoch [1/50], Train Loss: 0.4404, Val Loss: 0.1264
2025-06-17 12:22:47,223 [INFO] Best model saved.
2025-06-17 12:22:54,740 [INFO] Epoch [2/50], Train Loss: 0.2309, Val Loss: 0.0952
2025-06-17 12:22:54,752 [INFO] Best model saved.
2025-06-17 12:23:02,501 [INFO] Epoch [3/50], Train Loss: 0.1881, Val Loss: 0.0878
2025-06-17 12:23:02,512 [INFO] Best model saved.
2025-06-17 12:23:10,032 [INFO] Epoch [4/50], Train Loss: 0.1587, Val Loss: 0.0740
2025-06-17 12:23:10,043 [INFO] Best model saved.
2025-06-17 12:23:17,653 [INFO] Epoch [5/50], Train Loss: 0.1445, Val Loss: 0.0684
2025-06-17 12:23:17,665 [INFO] Best model saved.
2025-06-17 12:23:25,220 [INFO] Epoch [6/50], Train Loss: 0.1334, Val Loss: 0.0698
2025-06-17 12:23:32,570 [INFO] Epoch [7/50], Train Loss: 0.1241, Val Loss: 0.0648
2025-06-17 12:23:32,591 [INFO] Best model saved.
2025-06-17 12:23:40,214 [INFO] Epoch [8/50], Train Loss: 0.1158, Val Loss: 0.0623
2025-06-17 12:23:40,226 [INFO] Best model saved.
2025-06-17 12:23:49,111 [INFO] Epoch [9/50], Train Loss: 0.1083, Val Loss: 0.0607
2025-06-17 12:23:49,132 [INFO] Best model saved.
2025-06-17 12:23:57,532 [INFO] Epoch [10/50], Train Loss: 0.1008, Val Loss: 0.0556
2025-06-17 12:23:57,545 [INFO] Best model saved.
2025-06-17 12:24:04,323 [INFO] Epoch [11/50], Train Loss: 0.0977, Val Loss: 0.0573
2025-06-17 12:24:11,588 [INFO] Epoch [12/50], Train Loss: 0.0928, Val Loss: 0.0600
2025-06-17 12:24:19,310 [INFO] Epoch [13/50], Train Loss: 0.0860, Val Loss: 0.0515
2025-06-17 12:24:19,323 [INFO] Best model saved.
2025-06-17 12:24:26,599 [INFO] Epoch [14/50], Train Loss: 0.0821, Val Loss: 0.0559
2025-06-17 12:24:34,081 [INFO] Epoch [15/50], Train Loss: 0.0798, Val Loss: 0.0522
2025-06-17 12:24:41,769 [INFO] Epoch [16/50], Train Loss: 0.0754, Val Loss: 0.0529
2025-06-17 12:24:50,309 [INFO] Epoch [17/50], Train Loss: 0.0739, Val Loss: 0.0506
2025-06-17 12:24:50,337 [INFO] Best model saved.
2025-06-17 12:24:57,639 [INFO] Epoch [18/50], Train Loss: 0.0717, Val Loss: 0.0563
2025-06-17 12:25:05,122 [INFO] Epoch [19/50], Train Loss: 0.0695, Val Loss: 0.0512
2025-06-17 12:25:12,362 [INFO] Epoch [20/50], Train Loss: 0.0680, Val Loss: 0.0528
2025-06-17 12:25:20,587 [INFO] Epoch [21/50], Train Loss: 0.0648, Val Loss: 0.0518
2025-06-17 12:25:31,497 [INFO] Epoch [22/50], Train Loss: 0.0615, Val Loss: 0.0486
2025-06-17 12:25:31,512 [INFO] Best model saved.
2025-06-17 12:25:38,932 [INFO] Epoch [23/50], Train Loss: 0.0595, Val Loss: 0.0542
2025-06-17 12:25:46,150 [INFO] Epoch [24/50], Train Loss: 0.0630, Val Loss: 0.0581
2025-06-17 12:25:53,284 [INFO] Epoch [25/50], Train Loss: 0.0601, Val Loss: 0.0478
2025-06-17 12:25:53,305 [INFO] Best model saved.
2025-06-17 12:26:00,479 [INFO] Epoch [26/50], Train Loss: 0.0574, Val Loss: 0.0474
2025-06-17 12:26:00,489 [INFO] Best model saved.
2025-06-17 12:26:08,294 [INFO] Epoch [27/50], Train Loss: 0.0542, Val Loss: 0.0491
2025-06-17 12:26:16,412 [INFO] Epoch [28/50], Train Loss: 0.0552, Val Loss: 0.0519
2025-06-17 12:26:23,596 [INFO] Epoch [29/50], Train Loss: 0.0530, Val Loss: 0.0514
2025-06-17 12:26:33,341 [INFO] Epoch [30/50], Train Loss: 0.0480, Val Loss: 0.0509
2025-06-17 12:26:43,734 [INFO] Epoch [31/50], Train Loss: 0.0496, Val Loss: 0.0510
2025-06-17 12:26:43,735 [INFO] Early stopping triggered at epoch 31
2025-06-17 12:26:43,758 [INFO] Loaded best model weights after training.
2025-06-17 12:39:46,458 [INFO] TensorBoard logs will be saved to: runs/2025-06-17_12-39-46
2025-06-17 12:39:54,524 [INFO] Epoch [1/50], Train Loss: 0.4429, Val Loss: 0.1404
2025-06-17 12:39:54,538 [INFO] Best model saved.
2025-06-17 12:44:08,492 [INFO] TensorBoard logs will be saved to: runs/2025-06-17_12-44-08
2025-06-17 12:44:16,550 [INFO] Epoch [1/50], Train Loss: 0.4404, Val Loss: 0.1424
2025-06-17 12:44:16,566 [INFO] Best model saved.
2025-06-17 12:44:23,934 [INFO] Epoch [2/50], Train Loss: 0.2392, Val Loss: 0.0934
2025-06-17 12:44:23,945 [INFO] Best model saved.
2025-06-17 12:44:31,248 [INFO] Epoch [3/50], Train Loss: 0.1881, Val Loss: 0.0808
2025-06-17 12:44:31,258 [INFO] Best model saved.
2025-06-17 12:44:38,557 [INFO] Epoch [4/50], Train Loss: 0.1623, Val Loss: 0.0766
2025-06-17 12:44:38,566 [INFO] Best model saved.
2025-06-17 12:44:45,856 [INFO] Epoch [5/50], Train Loss: 0.1503, Val Loss: 0.0671
2025-06-17 12:44:45,867 [INFO] Best model saved.
2025-06-17 12:44:53,594 [INFO] Epoch [6/50], Train Loss: 0.1352, Val Loss: 0.0637
2025-06-17 12:44:53,605 [INFO] Best model saved.
2025-06-17 12:45:00,916 [INFO] Epoch [7/50], Train Loss: 0.1213, Val Loss: 0.0582
2025-06-17 12:45:00,925 [INFO] Best model saved.
2025-06-17 12:45:09,128 [INFO] Epoch [8/50], Train Loss: 0.1136, Val Loss: 0.0605
2025-06-17 12:45:16,706 [INFO] Epoch [9/50], Train Loss: 0.1112, Val Loss: 0.0569
2025-06-17 12:45:16,719 [INFO] Best model saved.
2025-06-17 12:45:24,258 [INFO] Epoch [10/50], Train Loss: 0.1002, Val Loss: 0.0552
2025-06-17 12:45:24,267 [INFO] Best model saved.
2025-06-17 12:45:31,431 [INFO] Epoch [11/50], Train Loss: 0.0994, Val Loss: 0.0554
2025-06-17 12:45:38,565 [INFO] Epoch [12/50], Train Loss: 0.0900, Val Loss: 0.0606
2025-06-17 12:45:45,700 [INFO] Epoch [13/50], Train Loss: 0.0878, Val Loss: 0.0548
2025-06-17 12:45:45,711 [INFO] Best model saved.
2025-06-17 12:45:52,807 [INFO] Epoch [14/50], Train Loss: 0.0857, Val Loss: 0.0543
2025-06-17 12:45:52,818 [INFO] Best model saved.
2025-06-17 12:45:59,862 [INFO] Epoch [15/50], Train Loss: 0.0773, Val Loss: 0.0523
2025-06-17 12:45:59,871 [INFO] Best model saved.
2025-06-17 12:46:06,889 [INFO] Epoch [16/50], Train Loss: 0.0766, Val Loss: 0.0580
2025-06-17 12:46:13,930 [INFO] Epoch [17/50], Train Loss: 0.0727, Val Loss: 0.0499
2025-06-17 12:46:13,943 [INFO] Best model saved.
2025-06-17 12:46:21,030 [INFO] Epoch [18/50], Train Loss: 0.0716, Val Loss: 0.0535
2025-06-17 12:46:28,084 [INFO] Epoch [19/50], Train Loss: 0.0695, Val Loss: 0.0527
2025-06-17 12:46:35,171 [INFO] Epoch [20/50], Train Loss: 0.0674, Val Loss: 0.0517
2025-06-17 12:46:42,158 [INFO] Epoch [21/50], Train Loss: 0.0654, Val Loss: 0.0485
2025-06-17 12:46:42,168 [INFO] Best model saved.
2025-06-17 12:46:49,155 [INFO] Epoch [22/50], Train Loss: 0.0637, Val Loss: 0.0529
2025-06-17 12:46:56,131 [INFO] Epoch [23/50], Train Loss: 0.0624, Val Loss: 0.0501
2025-06-17 12:47:03,232 [INFO] Epoch [24/50], Train Loss: 0.0585, Val Loss: 0.0492
2025-06-17 12:47:10,255 [INFO] Epoch [25/50], Train Loss: 0.0577, Val Loss: 0.0495
2025-06-17 12:47:17,300 [INFO] Epoch [26/50], Train Loss: 0.0559, Val Loss: 0.0480
2025-06-17 12:47:17,310 [INFO] Best model saved.
2025-06-17 12:47:24,381 [INFO] Epoch [27/50], Train Loss: 0.0562, Val Loss: 0.0455
2025-06-17 12:47:24,390 [INFO] Best model saved.
2025-06-17 12:47:31,427 [INFO] Epoch [28/50], Train Loss: 0.0538, Val Loss: 0.0490
2025-06-17 12:47:38,406 [INFO] Epoch [29/50], Train Loss: 0.0509, Val Loss: 0.0500
2025-06-17 12:47:45,449 [INFO] Epoch [30/50], Train Loss: 0.0492, Val Loss: 0.0464
2025-06-17 12:47:52,774 [INFO] Epoch [31/50], Train Loss: 0.0473, Val Loss: 0.0494
2025-06-17 12:47:59,796 [INFO] Epoch [32/50], Train Loss: 0.0463, Val Loss: 0.0490
2025-06-17 12:47:59,796 [INFO] Early stopping triggered at epoch 32
2025-06-17 12:47:59,809 [INFO] Loaded best model weights after training.
2025-06-17 12:54:13,706 [INFO] TensorBoard logs will be saved to: runs/2025-06-17_12-54-13
2025-06-17 12:54:22,395 [INFO] Epoch [1/50], Train Loss: 0.4363, Val Loss: 0.1383
2025-06-17 12:54:22,425 [INFO] Best model saved.
2025-06-17 12:54:30,382 [INFO] Epoch [2/50], Train Loss: 0.2374, Val Loss: 0.1027
2025-06-17 12:54:30,393 [INFO] Best model saved.
2025-06-17 12:54:37,778 [INFO] Epoch [3/50], Train Loss: 0.1914, Val Loss: 0.0895
2025-06-17 12:54:37,787 [INFO] Best model saved.
2025-06-17 12:54:44,757 [INFO] Epoch [4/50], Train Loss: 0.1663, Val Loss: 0.0740
2025-06-17 12:54:44,766 [INFO] Best model saved.
2025-06-17 12:54:51,835 [INFO] Epoch [5/50], Train Loss: 0.1471, Val Loss: 0.0738
2025-06-17 12:54:51,844 [INFO] Best model saved.
2025-06-17 12:54:58,974 [INFO] Epoch [6/50], Train Loss: 0.1350, Val Loss: 0.0658
2025-06-17 12:54:58,983 [INFO] Best model saved.
2025-06-17 12:55:06,228 [INFO] Epoch [7/50], Train Loss: 0.1273, Val Loss: 0.0630
2025-06-17 12:55:06,238 [INFO] Best model saved.
2025-06-17 12:55:13,355 [INFO] Epoch [8/50], Train Loss: 0.1167, Val Loss: 0.0643
2025-06-17 12:55:20,433 [INFO] Epoch [9/50], Train Loss: 0.1090, Val Loss: 0.0627
2025-06-17 12:55:20,442 [INFO] Best model saved.
2025-06-17 12:55:27,628 [INFO] Epoch [10/50], Train Loss: 0.0998, Val Loss: 0.0615
2025-06-17 12:55:27,637 [INFO] Best model saved.
2025-06-17 12:55:34,704 [INFO] Epoch [11/50], Train Loss: 0.0969, Val Loss: 0.0603
2025-06-17 12:55:34,713 [INFO] Best model saved.
2025-06-17 12:55:41,806 [INFO] Epoch [12/50], Train Loss: 0.0926, Val Loss: 0.0595
2025-06-17 12:55:41,817 [INFO] Best model saved.
2025-06-17 12:55:48,822 [INFO] Epoch [13/50], Train Loss: 0.0910, Val Loss: 0.0554
2025-06-17 12:55:48,832 [INFO] Best model saved.
2025-06-17 12:55:55,901 [INFO] Epoch [14/50], Train Loss: 0.0861, Val Loss: 0.0553
2025-06-17 12:55:55,915 [INFO] Best model saved.
2025-06-17 12:56:03,068 [INFO] Epoch [15/50], Train Loss: 0.0864, Val Loss: 0.0541
2025-06-17 12:56:03,082 [INFO] Best model saved.
2025-06-17 12:56:10,178 [INFO] Epoch [16/50], Train Loss: 0.0795, Val Loss: 0.0540
2025-06-17 12:56:10,188 [INFO] Best model saved.
2025-06-17 12:56:17,283 [INFO] Epoch [17/50], Train Loss: 0.0755, Val Loss: 0.0517
2025-06-17 12:56:17,293 [INFO] Best model saved.
2025-06-17 12:56:24,502 [INFO] Epoch [18/50], Train Loss: 0.0715, Val Loss: 0.0525
2025-06-17 12:56:31,600 [INFO] Epoch [19/50], Train Loss: 0.0718, Val Loss: 0.0496
2025-06-17 12:56:31,613 [INFO] Best model saved.
2025-06-17 12:56:38,662 [INFO] Epoch [20/50], Train Loss: 0.0665, Val Loss: 0.0536
2025-06-17 12:56:45,728 [INFO] Epoch [21/50], Train Loss: 0.0655, Val Loss: 0.0509
2025-06-17 12:56:52,772 [INFO] Epoch [22/50], Train Loss: 0.0685, Val Loss: 0.0536
2025-06-17 12:56:59,856 [INFO] Epoch [23/50], Train Loss: 0.0613, Val Loss: 0.0532
2025-06-17 12:57:06,940 [INFO] Epoch [24/50], Train Loss: 0.0602, Val Loss: 0.0531
2025-06-17 12:57:06,941 [INFO] Early stopping triggered at epoch 24
2025-06-17 12:57:06,956 [INFO] Loaded best model weights after training.
